<?xml version="1.0" encoding="UTF-8"?>
<testsuite name="Qtrip-testcase"
           tests="3"
           failures="0"
           errors="0"
           skipped="0"
           time="66.084">
    <properties></properties>



            <testcase
                name="registration"
                time="19.309"
                classname="LOpsTestCase">
            </testcase>
            <testcase
                name="loginAndValidate"
                time="32.704"
                classname="LOpsTestCase">
            </testcase>
            <testcase
                name="activationFromMail"
                time="14.071"
                classname="LOpsTestCase">
            </testcase>
</testsuite>
