<?xml version="1.0" encoding="UTF-8"?>
<testsuite name="Qtrip-testcase"
           tests="3"
           failures="0"
           errors="0"
           skipped="0"
           time="93.743">
    <properties></properties>



            <testcase
                name="loginAndValidate"
                time="31.664"
                classname="LOpsTestCase">
            </testcase>
            <testcase
                name="activationFromMail"
                time="27.710"
                classname="LOpsTestCase">
            </testcase>
            <testcase
                name="registration"
                time="34.369"
                classname="LOpsTestCase">
            </testcase>
</testsuite>
